<?xml version="1.0" encoding="UTF-8"?>
<!-- Generated by org.testng.reporters.JUnitReportReporter -->
<testsuite hostname="DESKTOP-9JQFQJH" failures="0" tests="1" name="newproject_2.Idlocator" time="8.916" errors="0" timestamp="2023-06-06T23:55:17 BDT" skipped="0">
  <testcase classname="newproject_2.Idlocator" name="testoption1" time="8.916"/>
  <system-out/>
</testsuite> <!-- newproject_2.Idlocator -->
