<?xml version="1.0" encoding="UTF-8"?>
<!-- Generated by org.testng.reporters.JUnitReportReporter -->
<testsuite hostname="DESKTOP-9JQFQJH" failures="0" tests="1" name="newproject_2.TestCase_1" time="13.458" errors="0" timestamp="2023-06-08T12:32:48 BDT" skipped="0">
  <testcase classname="newproject_2.TestCase_1" name="handleBrowserWindow" time="13.458"/>
  <system-out/>
</testsuite> <!-- newproject_2.TestCase_1 -->
