<?xml version="1.0" encoding="UTF-8"?>
<!-- Generated by org.testng.reporters.JUnitReportReporter -->
<testsuite hostname="DESKTOP-9JQFQJH" failures="0" tests="1" name="com.BD1.FirstAutomationProject.MyProject" time="68.435" errors="0" timestamp="2023-06-02T22:11:52 BDT" skipped="0">
  <testcase classname="com.BD1.FirstAutomationProject.MyProject" name="testPageTilte" time="68.435"/>
  <system-out/>
</testsuite> <!-- com.BD1.FirstAutomationProject.MyProject -->
